  emg-data-sample.cpp
C:\Users\kosil\Desktop\myo-sdk-win-0.9.0\include\myo\cxx\detail\ThrowOnError.hpp(39,17): warning C4297: 'myo::ThrowOnError::~ThrowOnError': function assumed not to throw an exception but does
C:\Users\kosil\Desktop\myo-sdk-win-0.9.0\include\myo\cxx\detail\ThrowOnError.hpp(39,17): message : destructor or deallocator has a (possibly implicit) non-throwing exception specification
C:\Users\kosil\Desktop\myo-sdk-win-0.9.0\include\myo\cxx\detail\ThrowOnError.hpp(45,17): warning C4297: 'myo::ThrowOnError::~ThrowOnError': function assumed not to throw an exception but does
C:\Users\kosil\Desktop\myo-sdk-win-0.9.0\include\myo\cxx\detail\ThrowOnError.hpp(45,17): message : destructor or deallocator has a (possibly implicit) non-throwing exception specification
C:\Program Files\Microsoft Visual Studio\2022\Community\VC\Tools\MSVC\14.34.31933\include\filesystem(13): warning STL4038: The contents of <filesystem> are available only with C++17 or later.
emg-data-sample.obj : error LNK2019: unresolved external symbol __imp__PyObject_GetAttrString referenced in function __import_array
emg-data-sample.obj : error LNK2019: unresolved external symbol __imp___Py_NegativeRefcount referenced in function __Py_DECREF
emg-data-sample.obj : error LNK2019: unresolved external symbol __imp___Py_Dealloc referenced in function __Py_DECREF
emg-data-sample.obj : error LNK2019: unresolved external symbol __imp__PyUnicode_FromString referenced in function "bool __cdecl matplotlibcpp::plot<double,double>(class std::vector<double,class std::allocator<double> > const &,class std::vector<double,class std::allocator<double> > const &,class std::basic_string<char,struct std::char_traits<char>,class std::allocator<char> > const &)" (??$plot@NN@matplotlibcpp@@YA_NABV?$vector@NV?$allocator@N@std@@@std@@0ABV?$basic_string@DU?$char_traits@D@std@@V?$allocator@D@2@@2@@Z)
emg-data-sample.obj : error LNK2019: unresolved external symbol __imp__PyTuple_New referenced in function "bool __cdecl matplotlibcpp::plot<double,double>(class std::vector<double,class std::allocator<double> > const &,class std::vector<double,class std::allocator<double> > const &,class std::basic_string<char,struct std::char_traits<char>,class std::allocator<char> > const &)" (??$plot@NN@matplotlibcpp@@YA_NABV?$vector@NV?$allocator@N@std@@@std@@0ABV?$basic_string@DU?$char_traits@D@std@@V?$allocator@D@2@@2@@Z)
emg-data-sample.obj : error LNK2019: unresolved external symbol __imp__PyTuple_SetItem referenced in function "bool __cdecl matplotlibcpp::plot<double,double>(class std::vector<double,class std::allocator<double> > const &,class std::vector<double,class std::allocator<double> > const &,class std::basic_string<char,struct std::char_traits<char>,class std::allocator<char> > const &)" (??$plot@NN@matplotlibcpp@@YA_NABV?$vector@NV?$allocator@N@std@@@std@@0ABV?$basic_string@DU?$char_traits@D@std@@V?$allocator@D@2@@2@@Z)
emg-data-sample.obj : error LNK2019: unresolved external symbol __imp__PyDict_New referenced in function "void __cdecl matplotlibcpp::show(bool)" (?show@matplotlibcpp@@YAX_N@Z)
emg-data-sample.obj : error LNK2019: unresolved external symbol __imp__PyDict_SetItemString referenced in function "void __cdecl matplotlibcpp::show(bool)" (?show@matplotlibcpp@@YAX_N@Z)
emg-data-sample.obj : error LNK2019: unresolved external symbol __imp__PyCapsule_GetPointer referenced in function __import_array
emg-data-sample.obj : error LNK2019: unresolved external symbol __imp__PyErr_SetString referenced in function __import_array
emg-data-sample.obj : error LNK2019: unresolved external symbol __imp__PyErr_Format referenced in function __import_array
emg-data-sample.obj : error LNK2019: unresolved external symbol __imp__PyErr_Print referenced in function "private: __thiscall matplotlibcpp::detail::_interpreter::_interpreter(void)" (??0_interpreter@detail@matplotlibcpp@@AAE@XZ)
emg-data-sample.obj : error LNK2019: unresolved external symbol __imp__Py_Initialize referenced in function "private: __thiscall matplotlibcpp::detail::_interpreter::_interpreter(void)" (??0_interpreter@detail@matplotlibcpp@@AAE@XZ)
emg-data-sample.obj : error LNK2019: unresolved external symbol __imp__Py_Finalize referenced in function "private: __thiscall matplotlibcpp::detail::_interpreter::~_interpreter(void)" (??1_interpreter@detail@matplotlibcpp@@AAE@XZ)
emg-data-sample.obj : error LNK2019: unresolved external symbol __imp__Py_SetProgramName referenced in function "private: __thiscall matplotlibcpp::detail::_interpreter::_interpreter(void)" (??0_interpreter@detail@matplotlibcpp@@AAE@XZ)
emg-data-sample.obj : error LNK2019: unresolved external symbol __imp__PySys_SetArgv referenced in function "private: __thiscall matplotlibcpp::detail::_interpreter::_interpreter(void)" (??0_interpreter@detail@matplotlibcpp@@AAE@XZ)
emg-data-sample.obj : error LNK2019: unresolved external symbol __imp__PyImport_ImportModule referenced in function __import_array
emg-data-sample.obj : error LNK2019: unresolved external symbol __imp__PyImport_Import referenced in function "private: __thiscall matplotlibcpp::detail::_interpreter::_interpreter(void)" (??0_interpreter@detail@matplotlibcpp@@AAE@XZ)
emg-data-sample.obj : error LNK2019: unresolved external symbol __imp__PyObject_Call referenced in function "void __cdecl matplotlibcpp::show(bool)" (?show@matplotlibcpp@@YAX_N@Z)
emg-data-sample.obj : error LNK2019: unresolved external symbol __imp__PyObject_CallObject referenced in function "bool __cdecl matplotlibcpp::plot<double,double>(class std::vector<double,class std::allocator<double> > const &,class std::vector<double,class std::allocator<double> > const &,class std::basic_string<char,struct std::char_traits<char>,class std::allocator<char> > const &)" (??$plot@NN@matplotlibcpp@@YA_NABV?$vector@NV?$allocator@N@std@@@std@@0ABV?$basic_string@DU?$char_traits@D@std@@V?$allocator@D@2@@2@@Z)
emg-data-sample.obj : error LNK2019: unresolved external symbol __imp__PyObject_CallMethod referenced in function "private: __thiscall matplotlibcpp::detail::_interpreter::_interpreter(void)" (??0_interpreter@detail@matplotlibcpp@@AAE@XZ)
emg-data-sample.obj : error LNK2019: unresolved external symbol __imp___Py_RefTotal referenced in function __Py_DECREF
emg-data-sample.obj : error LNK2019: unresolved external symbol __imp___Py_FalseStruct referenced in function "void __cdecl matplotlibcpp::show(bool)" (?show@matplotlibcpp@@YAX_N@Z)
emg-data-sample.obj : error LNK2019: unresolved external symbol __imp__PyFunction_Type referenced in function "public: struct _object * __thiscall matplotlibcpp::detail::_interpreter::safe_import(struct _object *,class std::basic_string<char,struct std::char_traits<char>,class std::allocator<char> >)" (?safe_import@_interpreter@detail@matplotlibcpp@@QAEPAU_object@@PAU4@V?$basic_string@DU?$char_traits@D@std@@V?$allocator@D@2@@std@@@Z)
emg-data-sample.obj : error LNK2019: unresolved external symbol __imp__PyCapsule_Type referenced in function __import_array
emg-data-sample.obj : error LNK2019: unresolved external symbol __imp__PyExc_AttributeError referenced in function __import_array
emg-data-sample.obj : error LNK2019: unresolved external symbol __imp__PyExc_ImportError referenced in function "private: void * __thiscall matplotlibcpp::detail::_interpreter::import_numpy(void)" (?import_numpy@_interpreter@detail@matplotlibcpp@@AAEPAXXZ)
emg-data-sample.obj : error LNK2019: unresolved external symbol __imp__PyExc_RuntimeError referenced in function __import_array
C:\python_3_8\libs\python38_d.lib : warning LNK4272: library machine type 'x64' conflicts with target machine type 'x86'
C:\Users\kosil\Desktop\myo-sdk-win-0.9.0\samples\Debug\emg-data-sample.exe : fatal error LNK1120: 28 unresolved externals
